Age of the oldest person is: 103

Age: 1 to 10
	(0)Zoey Damion 9
	(1)Mary Kimland 2

Age: 11 to 20
	(2)Thomas Mooring 13
	(3)Tony Snark 12

Age: 21 to 30
	(4)Bert Back 25
	(5)Fred Barnes 23
	(6)Hawk Eye 23
	(7)Ralph Johnson 22
	(8)Adian Lincoln 21
	(9)Seven Plane 25
	(10)Miley Siprus 23

Age: 31 to 40
	(11)Sean Beanie 33
	(12)Suzy Tocj 33

Age: 41 to 50
	(13)Tom Jones 45
	(14)Lida Lunchbox 47

Age: 51 to 60
	(15)Alan Turing 53

Age: 61 to 70
	(16)Rachell Beat 65
	(17)Helen Tombsonte 63

Age: 71 to 80
	(18)Kim Franklin 75

Age: 81 to 90
	(19)Molly Horsehead 84
	(20)Helen Smith 82

Age: 91 to 100
	(21)Timmy Joelinger 94
	(22)Bobby Swell 93

Age: 101 to 110
	(23)Simon Shoestring 103
